2023-05-24 01:57:27,864 INFO    StreamThr :19700 [internal.py:wandb_internal():86] W&B internal server running at pid: 19700, started at: 2023-05-24 01:57:27.864573
2023-05-24 01:57:27,865 DEBUG   HandlerThread:19700 [handler.py:handle_request():144] handle_request: status
2023-05-24 01:57:27,866 INFO    WriterThread:19700 [datastore.py:open_for_write():85] open: d:\FRA361 ROBOTICS STUDIO IV  OPEN TOPICS\code\Vehicle-Detection-main\wandb\run-20230524_015727-mcr0vfix\run-mcr0vfix.wandb
2023-05-24 01:57:27,867 DEBUG   SenderThread:19700 [sender.py:send():375] send: header
2023-05-24 01:57:27,902 DEBUG   SenderThread:19700 [sender.py:send():375] send: run
2023-05-24 01:57:27,909 INFO    SenderThread:19700 [sender.py:_maybe_setup_resume():761] checking resume status for None/YOLOv5/mcr0vfix
2023-05-24 01:57:28,850 DEBUG   HandlerThread:19700 [handler.py:handle_request():144] handle_request: check_version
2023-05-24 01:57:28,851 INFO    SenderThread:19700 [dir_watcher.py:__init__():219] watching files in: d:\FRA361 ROBOTICS STUDIO IV  OPEN TOPICS\code\Vehicle-Detection-main\wandb\run-20230524_015727-mcr0vfix\files
2023-05-24 01:57:28,851 INFO    SenderThread:19700 [sender.py:_start_run_threads():1124] run started: mcr0vfix with start time 1684868247.864572
2023-05-24 01:57:28,851 DEBUG   SenderThread:19700 [sender.py:send_request():402] send_request: summary_record
2023-05-24 01:57:28,852 INFO    SenderThread:19700 [sender.py:_save_file():1378] saving file wandb-summary.json with policy end
2023-05-24 01:57:28,852 DEBUG   SenderThread:19700 [sender.py:send_request():402] send_request: check_version
2023-05-24 01:57:29,096 DEBUG   HandlerThread:19700 [handler.py:handle_request():144] handle_request: run_start
2023-05-24 01:57:29,115 DEBUG   HandlerThread:19700 [system_info.py:__init__():31] System info init
2023-05-24 01:57:29,115 DEBUG   HandlerThread:19700 [system_info.py:__init__():46] System info init done
2023-05-24 01:57:29,115 INFO    HandlerThread:19700 [system_monitor.py:start():181] Starting system monitor
2023-05-24 01:57:29,115 INFO    SystemMonitor:19700 [system_monitor.py:_start():145] Starting system asset monitoring threads
2023-05-24 01:57:29,115 INFO    HandlerThread:19700 [system_monitor.py:probe():201] Collecting system info
2023-05-24 01:57:29,120 INFO    SystemMonitor:19700 [interfaces.py:start():190] Started cpu monitoring
2023-05-24 01:57:29,121 INFO    SystemMonitor:19700 [interfaces.py:start():190] Started disk monitoring
2023-05-24 01:57:29,121 INFO    SystemMonitor:19700 [interfaces.py:start():190] Started gpu monitoring
2023-05-24 01:57:29,121 INFO    SystemMonitor:19700 [interfaces.py:start():190] Started memory monitoring
2023-05-24 01:57:29,131 INFO    SystemMonitor:19700 [interfaces.py:start():190] Started network monitoring
2023-05-24 01:57:29,135 DEBUG   HandlerThread:19700 [system_info.py:probe():195] Probing system
2023-05-24 01:57:29,137 DEBUG   HandlerThread:19700 [system_info.py:_probe_git():180] Probing git
2023-05-24 01:57:29,141 ERROR   gpu       :19700 [interfaces.py:monitor():144] Failed to sample metric: Not Supported
2023-05-24 01:57:29,199 DEBUG   HandlerThread:19700 [system_info.py:_probe_git():188] Probing git done
2023-05-24 01:57:29,199 DEBUG   HandlerThread:19700 [system_info.py:probe():240] Probing system done
2023-05-24 01:57:29,199 DEBUG   HandlerThread:19700 [system_monitor.py:probe():210] {'os': 'Windows-10-10.0.19045-SP0', 'python': '3.9.13', 'heartbeatAt': '2023-05-23T18:57:29.136163', 'startedAt': '2023-05-23T18:57:27.857596', 'docker': None, 'cuda': None, 'args': ('--img', '640', '--epochs', '1', '--data', 'dataset2.yaml', '--weights', 'best.pt'), 'state': 'running', 'program': 'd:\\FRA361 ROBOTICS STUDIO IV  OPEN TOPICS\\code\\Vehicle-Detection-main\\train.py', 'codePath': 'code\\Vehicle-Detection-main\\train.py', 'git': {'remote': 'https://github.com/pound03/FRA361-ROBOTICS-STUDIO-IV-OPEN-TOPICS.git', 'commit': '2bdd56a69a32fd0ac6aa20ea045854b9a38ed86e'}, 'email': '79472437+pound03@users.noreply.github.com', 'root': 'D:/FRA361 ROBOTICS STUDIO IV  OPEN TOPICS', 'host': 'DESKTOP-EHN5UAL', 'username': 'Acer', 'executable': 'c:\\Users\\Acer\\anaconda3\\python.exe', 'cpu_count': 8, 'cpu_count_logical': 16, 'cpu_freq': {'current': 2304.0, 'min': 0.0, 'max': 2304.0}, 'cpu_freq_per_core': [{'current': 2304.0, 'min': 0.0, 'max': 2304.0}], 'disk': {'total': 476.93456649780273, 'used': 372.9624366760254}, 'gpu': 'NVIDIA GeForce RTX 3050 Ti Laptop GPU', 'gpu_count': 1, 'gpu_devices': [{'name': 'NVIDIA GeForce RTX 3050 Ti Laptop GPU', 'memory_total': 4294967296}], 'memory': {'total': 23.76885223388672}}
2023-05-24 01:57:29,199 INFO    HandlerThread:19700 [system_monitor.py:probe():211] Finished collecting system info
2023-05-24 01:57:29,199 INFO    HandlerThread:19700 [system_monitor.py:probe():214] Publishing system info
2023-05-24 01:57:29,199 DEBUG   HandlerThread:19700 [system_info.py:_save_pip():51] Saving list of pip packages installed into the current environment
2023-05-24 01:57:29,200 DEBUG   HandlerThread:19700 [system_info.py:_save_pip():67] Saving pip packages done
2023-05-24 01:57:29,200 DEBUG   HandlerThread:19700 [system_info.py:_save_conda():74] Saving list of conda packages installed into the current environment
2023-05-24 01:57:29,856 INFO    Thread-16 :19700 [dir_watcher.py:_on_file_created():278] file/dir created: d:\FRA361 ROBOTICS STUDIO IV  OPEN TOPICS\code\Vehicle-Detection-main\wandb\run-20230524_015727-mcr0vfix\files\wandb-summary.json
2023-05-24 01:57:29,856 INFO    Thread-16 :19700 [dir_watcher.py:_on_file_created():278] file/dir created: d:\FRA361 ROBOTICS STUDIO IV  OPEN TOPICS\code\Vehicle-Detection-main\wandb\run-20230524_015727-mcr0vfix\files\requirements.txt
2023-05-24 01:57:29,857 INFO    Thread-16 :19700 [dir_watcher.py:_on_file_created():278] file/dir created: d:\FRA361 ROBOTICS STUDIO IV  OPEN TOPICS\code\Vehicle-Detection-main\wandb\run-20230524_015727-mcr0vfix\files\conda-environment.yaml
2023-05-24 01:57:31,153 ERROR   gpu       :19700 [interfaces.py:monitor():144] Failed to sample metric: Not Supported
2023-05-24 01:57:33,173 ERROR   gpu       :19700 [interfaces.py:monitor():144] Failed to sample metric: Not Supported
2023-05-24 01:57:35,195 ERROR   gpu       :19700 [interfaces.py:monitor():144] Failed to sample metric: Not Supported
2023-05-24 01:57:37,211 ERROR   gpu       :19700 [interfaces.py:monitor():144] Failed to sample metric: Not Supported
2023-05-24 01:57:39,232 ERROR   gpu       :19700 [interfaces.py:monitor():144] Failed to sample metric: Not Supported
2023-05-24 01:57:39,913 DEBUG   HandlerThread:19700 [system_info.py:_save_conda():86] Saving conda packages done
2023-05-24 01:57:39,914 INFO    HandlerThread:19700 [system_monitor.py:probe():216] Finished publishing system info
2023-05-24 01:57:39,922 DEBUG   HandlerThread:19700 [handler.py:handle_request():144] handle_request: status_report
2023-05-24 01:57:39,923 DEBUG   HandlerThread:19700 [handler.py:handle_request():144] handle_request: keepalive
2023-05-24 01:57:39,923 DEBUG   HandlerThread:19700 [handler.py:handle_request():144] handle_request: status_report
2023-05-24 01:57:39,923 DEBUG   HandlerThread:19700 [handler.py:handle_request():144] handle_request: keepalive
2023-05-24 01:57:39,923 DEBUG   SenderThread:19700 [sender.py:send():375] send: files
2023-05-24 01:57:39,923 INFO    SenderThread:19700 [sender.py:_save_file():1378] saving file wandb-metadata.json with policy now
2023-05-24 01:57:39,928 DEBUG   HandlerThread:19700 [handler.py:handle_request():144] handle_request: stop_status
2023-05-24 01:57:39,928 DEBUG   SenderThread:19700 [sender.py:send_request():402] send_request: stop_status
2023-05-24 01:57:39,945 INFO    Thread-16 :19700 [dir_watcher.py:_on_file_modified():295] file/dir modified: d:\FRA361 ROBOTICS STUDIO IV  OPEN TOPICS\code\Vehicle-Detection-main\wandb\run-20230524_015727-mcr0vfix\files\conda-environment.yaml
2023-05-24 01:57:39,945 INFO    Thread-16 :19700 [dir_watcher.py:_on_file_created():278] file/dir created: d:\FRA361 ROBOTICS STUDIO IV  OPEN TOPICS\code\Vehicle-Detection-main\wandb\run-20230524_015727-mcr0vfix\files\wandb-metadata.json
2023-05-24 01:57:40,943 DEBUG   HandlerThread:19700 [handler.py:handle_request():144] handle_request: poll_exit
2023-05-24 01:57:41,245 ERROR   gpu       :19700 [interfaces.py:monitor():144] Failed to sample metric: Not Supported
2023-05-24 01:57:43,256 ERROR   gpu       :19700 [interfaces.py:monitor():144] Failed to sample metric: Not Supported
2023-05-24 01:57:45,278 ERROR   gpu       :19700 [interfaces.py:monitor():144] Failed to sample metric: Not Supported
2023-05-24 01:57:46,004 DEBUG   HandlerThread:19700 [handler.py:handle_request():144] handle_request: keepalive
2023-05-24 01:57:47,290 ERROR   gpu       :19700 [interfaces.py:monitor():144] Failed to sample metric: Not Supported
2023-05-24 01:57:49,309 ERROR   gpu       :19700 [interfaces.py:monitor():144] Failed to sample metric: Not Supported
2023-05-24 01:57:51,044 DEBUG   HandlerThread:19700 [handler.py:handle_request():144] handle_request: keepalive
2023-05-24 01:57:51,331 ERROR   gpu       :19700 [interfaces.py:monitor():144] Failed to sample metric: Not Supported
2023-05-24 01:57:53,344 ERROR   gpu       :19700 [interfaces.py:monitor():144] Failed to sample metric: Not Supported
2023-05-24 01:57:55,357 ERROR   gpu       :19700 [interfaces.py:monitor():144] Failed to sample metric: Not Supported
2023-05-24 01:57:56,063 DEBUG   HandlerThread:19700 [handler.py:handle_request():144] handle_request: keepalive
2023-05-24 01:57:57,375 ERROR   gpu       :19700 [interfaces.py:monitor():144] Failed to sample metric: Not Supported
2023-05-24 01:57:59,414 ERROR   gpu       :19700 [interfaces.py:monitor():144] Failed to sample metric: Not Supported
2023-05-24 01:58:01,057 INFO    wandb-upload_0:19700 [retry.py:__call__():172] Retry attempt failed:
Traceback (most recent call last):
  File "c:\Users\Acer\anaconda3\lib\site-packages\urllib3\connection.py", line 174, in _new_conn
    conn = connection.create_connection(
  File "c:\Users\Acer\anaconda3\lib\site-packages\urllib3\util\connection.py", line 95, in create_connection
    raise err
  File "c:\Users\Acer\anaconda3\lib\site-packages\urllib3\util\connection.py", line 85, in create_connection
    sock.connect(sa)
socket.timeout: timed out

During handling of the above exception, another exception occurred:

Traceback (most recent call last):
  File "c:\Users\Acer\anaconda3\lib\site-packages\urllib3\connectionpool.py", line 703, in urlopen
    httplib_response = self._make_request(
  File "c:\Users\Acer\anaconda3\lib\site-packages\urllib3\connectionpool.py", line 386, in _make_request
    self._validate_conn(conn)
  File "c:\Users\Acer\anaconda3\lib\site-packages\urllib3\connectionpool.py", line 1042, in _validate_conn
    conn.connect()
  File "c:\Users\Acer\anaconda3\lib\site-packages\urllib3\connection.py", line 358, in connect
    self.sock = conn = self._new_conn()
  File "c:\Users\Acer\anaconda3\lib\site-packages\urllib3\connection.py", line 179, in _new_conn
    raise ConnectTimeoutError(
urllib3.exceptions.ConnectTimeoutError: (<urllib3.connection.HTTPSConnection object at 0x000001A75A95C8B0>, 'Connection to api.wandb.ai timed out. (connect timeout=10)')

During handling of the above exception, another exception occurred:

Traceback (most recent call last):
  File "c:\Users\Acer\anaconda3\lib\site-packages\requests\adapters.py", line 489, in send
    resp = conn.urlopen(
  File "c:\Users\Acer\anaconda3\lib\site-packages\urllib3\connectionpool.py", line 787, in urlopen
    retries = retries.increment(
  File "c:\Users\Acer\anaconda3\lib\site-packages\urllib3\util\retry.py", line 592, in increment
    raise MaxRetryError(_pool, url, error or ResponseError(cause))
urllib3.exceptions.MaxRetryError: HTTPSConnectionPool(host='api.wandb.ai', port=443): Max retries exceeded with url: /graphql (Caused by ConnectTimeoutError(<urllib3.connection.HTTPSConnection object at 0x000001A75A95C8B0>, 'Connection to api.wandb.ai timed out. (connect timeout=10)'))

During handling of the above exception, another exception occurred:

Traceback (most recent call last):
  File "c:\Users\Acer\anaconda3\lib\site-packages\wandb\sdk\lib\retry.py", line 131, in __call__
    result = self._call_fn(*args, **kwargs)
  File "c:\Users\Acer\anaconda3\lib\site-packages\wandb\sdk\internal\internal_api.py", line 285, in execute
    return self.client.execute(*args, **kwargs)  # type: ignore
  File "c:\Users\Acer\anaconda3\lib\site-packages\wandb\vendor\gql-0.2.0\wandb_gql\client.py", line 52, in execute
    result = self._get_result(document, *args, **kwargs)
  File "c:\Users\Acer\anaconda3\lib\site-packages\wandb\vendor\gql-0.2.0\wandb_gql\client.py", line 60, in _get_result
    return self.transport.execute(document, *args, **kwargs)
  File "c:\Users\Acer\anaconda3\lib\site-packages\wandb\sdk\lib\gql_request.py", line 55, in execute
    request = self.session.post(self.url, **post_args)
  File "c:\Users\Acer\anaconda3\lib\site-packages\requests\sessions.py", line 635, in post
    return self.request("POST", url, data=data, json=json, **kwargs)
  File "c:\Users\Acer\anaconda3\lib\site-packages\requests\sessions.py", line 587, in request
    resp = self.send(prep, **send_kwargs)
  File "c:\Users\Acer\anaconda3\lib\site-packages\requests\sessions.py", line 701, in send
    r = adapter.send(request, **kwargs)
  File "c:\Users\Acer\anaconda3\lib\site-packages\requests\adapters.py", line 553, in send
    raise ConnectTimeout(e, request=request)
requests.exceptions.ConnectTimeout: HTTPSConnectionPool(host='api.wandb.ai', port=443): Max retries exceeded with url: /graphql (Caused by ConnectTimeoutError(<urllib3.connection.HTTPSConnection object at 0x000001A75A95C8B0>, 'Connection to api.wandb.ai timed out. (connect timeout=10)'))
2023-05-24 01:58:01,121 DEBUG   HandlerThread:19700 [handler.py:handle_request():144] handle_request: keepalive
2023-05-24 01:58:01,168 INFO    SenderThread:19700 [retry.py:__call__():172] Retry attempt failed:
Traceback (most recent call last):
  File "c:\Users\Acer\anaconda3\lib\site-packages\urllib3\connection.py", line 174, in _new_conn
    conn = connection.create_connection(
  File "c:\Users\Acer\anaconda3\lib\site-packages\urllib3\util\connection.py", line 95, in create_connection
    raise err
  File "c:\Users\Acer\anaconda3\lib\site-packages\urllib3\util\connection.py", line 85, in create_connection
    sock.connect(sa)
socket.timeout: timed out

During handling of the above exception, another exception occurred:

Traceback (most recent call last):
  File "c:\Users\Acer\anaconda3\lib\site-packages\urllib3\connectionpool.py", line 703, in urlopen
    httplib_response = self._make_request(
  File "c:\Users\Acer\anaconda3\lib\site-packages\urllib3\connectionpool.py", line 386, in _make_request
    self._validate_conn(conn)
  File "c:\Users\Acer\anaconda3\lib\site-packages\urllib3\connectionpool.py", line 1042, in _validate_conn
    conn.connect()
  File "c:\Users\Acer\anaconda3\lib\site-packages\urllib3\connection.py", line 358, in connect
    self.sock = conn = self._new_conn()
  File "c:\Users\Acer\anaconda3\lib\site-packages\urllib3\connection.py", line 179, in _new_conn
    raise ConnectTimeoutError(
urllib3.exceptions.ConnectTimeoutError: (<urllib3.connection.HTTPSConnection object at 0x000001A75A95C460>, 'Connection to api.wandb.ai timed out. (connect timeout=10)')

During handling of the above exception, another exception occurred:

Traceback (most recent call last):
  File "c:\Users\Acer\anaconda3\lib\site-packages\requests\adapters.py", line 489, in send
    resp = conn.urlopen(
  File "c:\Users\Acer\anaconda3\lib\site-packages\urllib3\connectionpool.py", line 787, in urlopen
    retries = retries.increment(
  File "c:\Users\Acer\anaconda3\lib\site-packages\urllib3\util\retry.py", line 592, in increment
    raise MaxRetryError(_pool, url, error or ResponseError(cause))
urllib3.exceptions.MaxRetryError: HTTPSConnectionPool(host='api.wandb.ai', port=443): Max retries exceeded with url: /graphql (Caused by ConnectTimeoutError(<urllib3.connection.HTTPSConnection object at 0x000001A75A95C460>, 'Connection to api.wandb.ai timed out. (connect timeout=10)'))

During handling of the above exception, another exception occurred:

Traceback (most recent call last):
  File "c:\Users\Acer\anaconda3\lib\site-packages\wandb\sdk\lib\retry.py", line 131, in __call__
    result = self._call_fn(*args, **kwargs)
  File "c:\Users\Acer\anaconda3\lib\site-packages\wandb\sdk\internal\internal_api.py", line 285, in execute
    return self.client.execute(*args, **kwargs)  # type: ignore
  File "c:\Users\Acer\anaconda3\lib\site-packages\wandb\vendor\gql-0.2.0\wandb_gql\client.py", line 52, in execute
    result = self._get_result(document, *args, **kwargs)
  File "c:\Users\Acer\anaconda3\lib\site-packages\wandb\vendor\gql-0.2.0\wandb_gql\client.py", line 60, in _get_result
    return self.transport.execute(document, *args, **kwargs)
  File "c:\Users\Acer\anaconda3\lib\site-packages\wandb\sdk\lib\gql_request.py", line 55, in execute
    request = self.session.post(self.url, **post_args)
  File "c:\Users\Acer\anaconda3\lib\site-packages\requests\sessions.py", line 635, in post
    return self.request("POST", url, data=data, json=json, **kwargs)
  File "c:\Users\Acer\anaconda3\lib\site-packages\requests\sessions.py", line 587, in request
    resp = self.send(prep, **send_kwargs)
  File "c:\Users\Acer\anaconda3\lib\site-packages\requests\sessions.py", line 701, in send
    r = adapter.send(request, **kwargs)
  File "c:\Users\Acer\anaconda3\lib\site-packages\requests\adapters.py", line 553, in send
    raise ConnectTimeout(e, request=request)
requests.exceptions.ConnectTimeout: HTTPSConnectionPool(host='api.wandb.ai', port=443): Max retries exceeded with url: /graphql (Caused by ConnectTimeoutError(<urllib3.connection.HTTPSConnection object at 0x000001A75A95C460>, 'Connection to api.wandb.ai timed out. (connect timeout=10)'))
2023-05-24 01:58:01,425 ERROR   gpu       :19700 [interfaces.py:monitor():144] Failed to sample metric: Not Supported
2023-05-24 01:58:03,435 ERROR   gpu       :19700 [interfaces.py:monitor():144] Failed to sample metric: Not Supported
2023-05-24 01:58:05,446 ERROR   gpu       :19700 [interfaces.py:monitor():144] Failed to sample metric: Not Supported
2023-05-24 01:58:06,170 DEBUG   HandlerThread:19700 [handler.py:handle_request():144] handle_request: keepalive
2023-05-24 01:58:07,467 ERROR   gpu       :19700 [interfaces.py:monitor():144] Failed to sample metric: Not Supported
2023-05-24 01:58:09,480 ERROR   gpu       :19700 [interfaces.py:monitor():144] Failed to sample metric: Not Supported
2023-05-24 01:58:10,958 WARNING FileStreamThread:19700 [file_stream.py:request_with_retry():670] requests_with_retry encountered retryable exception: ('Connection aborted.', ConnectionResetError(10054, 'An existing connection was forcibly closed by the remote host', None, 10054, None)). func: <bound method Session.post of <requests.sessions.Session object at 0x000001A75A7920A0>>, args: ('https://api.wandb.ai/files/fibo/YOLOv5/mcr0vfix/file_stream',), kwargs: {'json': {'complete': False, 'failed': False, 'dropped': 0, 'uploaded': []}}
2023-05-24 01:58:11,214 DEBUG   HandlerThread:19700 [handler.py:handle_request():144] handle_request: keepalive
2023-05-24 01:58:11,500 ERROR   gpu       :19700 [interfaces.py:monitor():144] Failed to sample metric: Not Supported
2023-05-24 01:58:13,516 ERROR   gpu       :19700 [interfaces.py:monitor():144] Failed to sample metric: Not Supported
2023-05-24 01:58:15,536 ERROR   gpu       :19700 [interfaces.py:monitor():144] Failed to sample metric: Not Supported
2023-05-24 01:58:16,133 DEBUG   SenderThread:19700 [sender.py:send():375] send: telemetry
2023-05-24 01:58:16,133 DEBUG   HandlerThread:19700 [handler.py:handle_request():144] handle_request: status_report
2023-05-24 01:58:16,134 DEBUG   SenderThread:19700 [sender.py:send():375] send: exit
2023-05-24 01:58:16,134 INFO    SenderThread:19700 [sender.py:send_exit():598] handling exit code: 1
2023-05-24 01:58:16,135 INFO    SenderThread:19700 [sender.py:send_exit():600] handling runtime: 10
2023-05-24 01:58:16,135 INFO    SenderThread:19700 [sender.py:_save_file():1378] saving file wandb-summary.json with policy end
2023-05-24 01:58:16,136 INFO    SenderThread:19700 [sender.py:send_exit():606] send defer
2023-05-24 01:58:16,136 DEBUG   SenderThread:19700 [sender.py:send_request():402] send_request: poll_exit
2023-05-24 01:58:16,136 DEBUG   HandlerThread:19700 [handler.py:handle_request():144] handle_request: defer
2023-05-24 01:58:16,136 INFO    HandlerThread:19700 [handler.py:handle_request_defer():170] handle defer: 0
2023-05-24 01:58:16,136 DEBUG   SenderThread:19700 [sender.py:send_request():402] send_request: defer
2023-05-24 01:58:16,137 INFO    SenderThread:19700 [sender.py:send_request_defer():622] handle sender defer: 0
2023-05-24 01:58:16,137 INFO    SenderThread:19700 [sender.py:transition_state():626] send defer: 1
2023-05-24 01:58:16,137 DEBUG   HandlerThread:19700 [handler.py:handle_request():144] handle_request: defer
2023-05-24 01:58:16,137 INFO    HandlerThread:19700 [handler.py:handle_request_defer():170] handle defer: 1
2023-05-24 01:58:16,137 DEBUG   SenderThread:19700 [sender.py:send_request():402] send_request: defer
2023-05-24 01:58:16,137 INFO    SenderThread:19700 [sender.py:send_request_defer():622] handle sender defer: 1
2023-05-24 01:58:16,137 INFO    SenderThread:19700 [sender.py:transition_state():626] send defer: 2
2023-05-24 01:58:16,137 DEBUG   HandlerThread:19700 [handler.py:handle_request():144] handle_request: defer
2023-05-24 01:58:16,137 INFO    HandlerThread:19700 [handler.py:handle_request_defer():170] handle defer: 2
2023-05-24 01:58:16,137 INFO    HandlerThread:19700 [system_monitor.py:finish():190] Stopping system monitor
2023-05-24 01:58:16,137 DEBUG   SystemMonitor:19700 [system_monitor.py:_start():159] Starting system metrics aggregation loop
2023-05-24 01:58:16,143 DEBUG   SystemMonitor:19700 [system_monitor.py:_start():166] Finished system metrics aggregation loop
2023-05-24 01:58:16,143 DEBUG   SystemMonitor:19700 [system_monitor.py:_start():170] Publishing last batch of metrics
2023-05-24 01:58:16,144 INFO    HandlerThread:19700 [interfaces.py:finish():202] Joined cpu monitor
2023-05-24 01:58:16,145 INFO    HandlerThread:19700 [interfaces.py:finish():202] Joined disk monitor
2023-05-24 01:58:16,166 INFO    HandlerThread:19700 [interfaces.py:finish():202] Joined gpu monitor
2023-05-24 01:58:16,167 INFO    HandlerThread:19700 [interfaces.py:finish():202] Joined memory monitor
2023-05-24 01:58:16,167 INFO    HandlerThread:19700 [interfaces.py:finish():202] Joined network monitor
2023-05-24 01:58:16,167 DEBUG   SenderThread:19700 [sender.py:send_request():402] send_request: defer
2023-05-24 01:58:16,167 INFO    SenderThread:19700 [sender.py:send_request_defer():622] handle sender defer: 2
2023-05-24 01:58:16,167 INFO    SenderThread:19700 [sender.py:transition_state():626] send defer: 3
2023-05-24 01:58:16,167 DEBUG   SenderThread:19700 [sender.py:send():375] send: stats
2023-05-24 01:58:16,167 DEBUG   HandlerThread:19700 [handler.py:handle_request():144] handle_request: defer
2023-05-24 01:58:16,168 INFO    HandlerThread:19700 [handler.py:handle_request_defer():170] handle defer: 3
2023-05-24 01:58:16,168 DEBUG   SenderThread:19700 [sender.py:send_request():402] send_request: defer
2023-05-24 01:58:16,168 INFO    SenderThread:19700 [sender.py:send_request_defer():622] handle sender defer: 3
2023-05-24 01:58:16,168 INFO    SenderThread:19700 [sender.py:transition_state():626] send defer: 4
2023-05-24 01:58:16,168 DEBUG   HandlerThread:19700 [handler.py:handle_request():144] handle_request: defer
2023-05-24 01:58:16,168 INFO    HandlerThread:19700 [handler.py:handle_request_defer():170] handle defer: 4
2023-05-24 01:58:16,168 DEBUG   SenderThread:19700 [sender.py:send_request():402] send_request: defer
2023-05-24 01:58:16,168 INFO    SenderThread:19700 [sender.py:send_request_defer():622] handle sender defer: 4
2023-05-24 01:58:16,168 INFO    SenderThread:19700 [sender.py:transition_state():626] send defer: 5
2023-05-24 01:58:16,168 DEBUG   HandlerThread:19700 [handler.py:handle_request():144] handle_request: defer
2023-05-24 01:58:16,168 INFO    HandlerThread:19700 [handler.py:handle_request_defer():170] handle defer: 5
2023-05-24 01:58:16,168 DEBUG   SenderThread:19700 [sender.py:send():375] send: summary
2023-05-24 01:58:16,169 INFO    SenderThread:19700 [sender.py:_save_file():1378] saving file wandb-summary.json with policy end
2023-05-24 01:58:16,169 DEBUG   SenderThread:19700 [sender.py:send_request():402] send_request: defer
2023-05-24 01:58:16,169 INFO    SenderThread:19700 [sender.py:send_request_defer():622] handle sender defer: 5
2023-05-24 01:58:16,169 INFO    SenderThread:19700 [sender.py:transition_state():626] send defer: 6
2023-05-24 01:58:16,169 DEBUG   HandlerThread:19700 [handler.py:handle_request():144] handle_request: defer
2023-05-24 01:58:16,169 INFO    HandlerThread:19700 [handler.py:handle_request_defer():170] handle defer: 6
2023-05-24 01:58:16,169 DEBUG   SenderThread:19700 [sender.py:send_request():402] send_request: defer
2023-05-24 01:58:16,169 INFO    SenderThread:19700 [sender.py:send_request_defer():622] handle sender defer: 6
2023-05-24 01:58:16,172 DEBUG   HandlerThread:19700 [handler.py:handle_request():144] handle_request: status_report
2023-05-24 01:58:16,250 DEBUG   HandlerThread:19700 [handler.py:handle_request():144] handle_request: keepalive
2023-05-24 01:58:16,280 INFO    Thread-16 :19700 [dir_watcher.py:_on_file_modified():295] file/dir modified: d:\FRA361 ROBOTICS STUDIO IV  OPEN TOPICS\code\Vehicle-Detection-main\wandb\run-20230524_015727-mcr0vfix\files\wandb-summary.json
2023-05-24 01:58:16,280 INFO    Thread-16 :19700 [dir_watcher.py:_on_file_created():278] file/dir created: d:\FRA361 ROBOTICS STUDIO IV  OPEN TOPICS\code\Vehicle-Detection-main\wandb\run-20230524_015727-mcr0vfix\files\output.log
2023-05-24 01:58:16,474 INFO    SenderThread:19700 [sender.py:transition_state():626] send defer: 7
2023-05-24 01:58:16,475 DEBUG   HandlerThread:19700 [handler.py:handle_request():144] handle_request: defer
2023-05-24 01:58:16,475 INFO    HandlerThread:19700 [handler.py:handle_request_defer():170] handle defer: 7
2023-05-24 01:58:16,475 DEBUG   SenderThread:19700 [sender.py:send_request():402] send_request: defer
2023-05-24 01:58:16,475 INFO    SenderThread:19700 [sender.py:send_request_defer():622] handle sender defer: 7
2023-05-24 01:58:17,290 INFO    Thread-16 :19700 [dir_watcher.py:_on_file_modified():295] file/dir modified: d:\FRA361 ROBOTICS STUDIO IV  OPEN TOPICS\code\Vehicle-Detection-main\wandb\run-20230524_015727-mcr0vfix\files\config.yaml
2023-05-24 01:58:17,341 INFO    wandb-upload_0:19700 [upload_job.py:push():137] Uploaded file C:\Users\Acer\AppData\Local\Temp\tmphtibyob6wandb\i25bkjgm-wandb-metadata.json
2023-05-24 01:58:18,143 INFO    SenderThread:19700 [sender.py:transition_state():626] send defer: 8
2023-05-24 01:58:18,144 DEBUG   HandlerThread:19700 [handler.py:handle_request():144] handle_request: defer
2023-05-24 01:58:18,144 INFO    HandlerThread:19700 [handler.py:handle_request_defer():170] handle defer: 8
2023-05-24 01:58:18,144 DEBUG   SenderThread:19700 [sender.py:send_request():402] send_request: defer
2023-05-24 01:58:18,144 INFO    SenderThread:19700 [sender.py:send_request_defer():622] handle sender defer: 8
2023-05-24 01:58:18,159 INFO    SenderThread:19700 [sender.py:transition_state():626] send defer: 9
2023-05-24 01:58:18,159 DEBUG   HandlerThread:19700 [handler.py:handle_request():144] handle_request: defer
2023-05-24 01:58:18,160 DEBUG   SenderThread:19700 [sender.py:send():375] send: artifact
2023-05-24 01:58:18,160 INFO    HandlerThread:19700 [handler.py:handle_request_defer():170] handle defer: 9
2023-05-24 01:58:18,297 INFO    Thread-16 :19700 [dir_watcher.py:_on_file_modified():295] file/dir modified: d:\FRA361 ROBOTICS STUDIO IV  OPEN TOPICS\code\Vehicle-Detection-main\wandb\run-20230524_015727-mcr0vfix\files\output.log
2023-05-24 01:58:19,604 INFO    SenderThread:19700 [sender.py:send_artifact():1474] sent artifact job-https___github.com_pound03_FRA361-ROBOTICS-STUDIO-IV-OPEN-TOPICS.git_code_Vehicle-Detection-main_train.py - {'id': 'QXJ0aWZhY3Q6NDYzNzQyNDU0', 'digest': 'a8def6099f17e10110d07e42ae0b6dc3', 'state': 'COMMITTED', 'aliases': [{'artifactCollectionName': 'job-https___github.com_pound03_FRA361-ROBOTICS-STUDIO-IV-OPEN-TOPICS.git_code_Vehicle-Detection-main_train.py', 'alias': 'latest'}, {'artifactCollectionName': 'job-https___github.com_pound03_FRA361-ROBOTICS-STUDIO-IV-OPEN-TOPICS.git_code_Vehicle-Detection-main_train.py', 'alias': 'v0'}], 'artifactSequence': {'id': 'QXJ0aWZhY3RDb2xsZWN0aW9uOjcxMzQxNzg1', 'latestArtifact': {'id': 'QXJ0aWZhY3Q6NDYzNzQ0NjA5', 'versionIndex': 1}}, 'version': 'v0'}
2023-05-24 01:58:19,604 DEBUG   SenderThread:19700 [sender.py:send_request():402] send_request: defer
2023-05-24 01:58:19,604 INFO    SenderThread:19700 [sender.py:send_request_defer():622] handle sender defer: 9
2023-05-24 01:58:19,604 INFO    SenderThread:19700 [dir_watcher.py:finish():365] shutting down directory watcher
2023-05-24 01:58:20,321 INFO    SenderThread:19700 [dir_watcher.py:finish():395] scan: d:\FRA361 ROBOTICS STUDIO IV  OPEN TOPICS\code\Vehicle-Detection-main\wandb\run-20230524_015727-mcr0vfix\files
2023-05-24 01:58:20,322 INFO    SenderThread:19700 [dir_watcher.py:finish():409] scan save: d:\FRA361 ROBOTICS STUDIO IV  OPEN TOPICS\code\Vehicle-Detection-main\wandb\run-20230524_015727-mcr0vfix\files\conda-environment.yaml conda-environment.yaml
2023-05-24 01:58:20,322 INFO    SenderThread:19700 [dir_watcher.py:finish():409] scan save: d:\FRA361 ROBOTICS STUDIO IV  OPEN TOPICS\code\Vehicle-Detection-main\wandb\run-20230524_015727-mcr0vfix\files\config.yaml config.yaml
2023-05-24 01:58:20,322 INFO    SenderThread:19700 [dir_watcher.py:finish():409] scan save: d:\FRA361 ROBOTICS STUDIO IV  OPEN TOPICS\code\Vehicle-Detection-main\wandb\run-20230524_015727-mcr0vfix\files\output.log output.log
2023-05-24 01:58:20,326 INFO    SenderThread:19700 [dir_watcher.py:finish():409] scan save: d:\FRA361 ROBOTICS STUDIO IV  OPEN TOPICS\code\Vehicle-Detection-main\wandb\run-20230524_015727-mcr0vfix\files\requirements.txt requirements.txt
2023-05-24 01:58:20,326 INFO    SenderThread:19700 [dir_watcher.py:finish():409] scan save: d:\FRA361 ROBOTICS STUDIO IV  OPEN TOPICS\code\Vehicle-Detection-main\wandb\run-20230524_015727-mcr0vfix\files\wandb-metadata.json wandb-metadata.json
2023-05-24 01:58:20,327 INFO    SenderThread:19700 [dir_watcher.py:finish():409] scan save: d:\FRA361 ROBOTICS STUDIO IV  OPEN TOPICS\code\Vehicle-Detection-main\wandb\run-20230524_015727-mcr0vfix\files\wandb-summary.json wandb-summary.json
2023-05-24 01:58:20,329 INFO    SenderThread:19700 [sender.py:transition_state():626] send defer: 10
2023-05-24 01:58:20,329 DEBUG   HandlerThread:19700 [handler.py:handle_request():144] handle_request: defer
2023-05-24 01:58:20,331 INFO    HandlerThread:19700 [handler.py:handle_request_defer():170] handle defer: 10
2023-05-24 01:58:20,331 DEBUG   SenderThread:19700 [sender.py:send_request():402] send_request: defer
2023-05-24 01:58:20,331 INFO    SenderThread:19700 [sender.py:send_request_defer():622] handle sender defer: 10
2023-05-24 01:58:20,331 INFO    SenderThread:19700 [file_pusher.py:finish():168] shutting down file pusher
2023-05-24 01:58:20,979 INFO    wandb-upload_1:19700 [upload_job.py:push():137] Uploaded file d:\FRA361 ROBOTICS STUDIO IV  OPEN TOPICS\code\Vehicle-Detection-main\wandb\run-20230524_015727-mcr0vfix\files\config.yaml
2023-05-24 01:58:21,127 INFO    wandb-upload_3:19700 [upload_job.py:push():137] Uploaded file d:\FRA361 ROBOTICS STUDIO IV  OPEN TOPICS\code\Vehicle-Detection-main\wandb\run-20230524_015727-mcr0vfix\files\requirements.txt
2023-05-24 01:58:21,171 INFO    wandb-upload_4:19700 [upload_job.py:push():137] Uploaded file d:\FRA361 ROBOTICS STUDIO IV  OPEN TOPICS\code\Vehicle-Detection-main\wandb\run-20230524_015727-mcr0vfix\files\wandb-summary.json
2023-05-24 01:58:21,191 INFO    wandb-upload_0:19700 [upload_job.py:push():137] Uploaded file d:\FRA361 ROBOTICS STUDIO IV  OPEN TOPICS\code\Vehicle-Detection-main\wandb\run-20230524_015727-mcr0vfix\files\conda-environment.yaml
2023-05-24 01:58:21,192 INFO    wandb-upload_2:19700 [upload_job.py:push():137] Uploaded file d:\FRA361 ROBOTICS STUDIO IV  OPEN TOPICS\code\Vehicle-Detection-main\wandb\run-20230524_015727-mcr0vfix\files\output.log
2023-05-24 01:58:21,297 DEBUG   HandlerThread:19700 [handler.py:handle_request():144] handle_request: keepalive
2023-05-24 01:58:21,343 DEBUG   HandlerThread:19700 [handler.py:handle_request():144] handle_request: status_report
2023-05-24 01:58:21,405 INFO    Thread-15 :19700 [sender.py:transition_state():626] send defer: 11
2023-05-24 01:58:21,405 DEBUG   HandlerThread:19700 [handler.py:handle_request():144] handle_request: defer
2023-05-24 01:58:21,405 INFO    HandlerThread:19700 [handler.py:handle_request_defer():170] handle defer: 11
2023-05-24 01:58:21,406 DEBUG   SenderThread:19700 [sender.py:send_request():402] send_request: defer
2023-05-24 01:58:21,406 INFO    SenderThread:19700 [sender.py:send_request_defer():622] handle sender defer: 11
2023-05-24 01:58:21,406 INFO    SenderThread:19700 [file_pusher.py:join():173] waiting for file pusher
2023-05-24 01:58:21,406 INFO    SenderThread:19700 [sender.py:transition_state():626] send defer: 12
2023-05-24 01:58:21,406 DEBUG   HandlerThread:19700 [handler.py:handle_request():144] handle_request: defer
2023-05-24 01:58:21,406 INFO    HandlerThread:19700 [handler.py:handle_request_defer():170] handle defer: 12
2023-05-24 01:58:21,406 DEBUG   SenderThread:19700 [sender.py:send_request():402] send_request: defer
2023-05-24 01:58:21,406 INFO    SenderThread:19700 [sender.py:send_request_defer():622] handle sender defer: 12
2023-05-24 01:58:21,735 INFO    SenderThread:19700 [sender.py:transition_state():626] send defer: 13
2023-05-24 01:58:21,735 DEBUG   HandlerThread:19700 [handler.py:handle_request():144] handle_request: defer
2023-05-24 01:58:21,736 INFO    HandlerThread:19700 [handler.py:handle_request_defer():170] handle defer: 13
2023-05-24 01:58:21,736 DEBUG   SenderThread:19700 [sender.py:send_request():402] send_request: defer
2023-05-24 01:58:21,736 INFO    SenderThread:19700 [sender.py:send_request_defer():622] handle sender defer: 13
2023-05-24 01:58:21,736 INFO    SenderThread:19700 [sender.py:transition_state():626] send defer: 14
2023-05-24 01:58:21,736 DEBUG   HandlerThread:19700 [handler.py:handle_request():144] handle_request: defer
2023-05-24 01:58:21,736 DEBUG   SenderThread:19700 [sender.py:send():375] send: final
2023-05-24 01:58:21,736 INFO    HandlerThread:19700 [handler.py:handle_request_defer():170] handle defer: 14
2023-05-24 01:58:21,736 DEBUG   SenderThread:19700 [sender.py:send():375] send: footer
2023-05-24 01:58:21,736 DEBUG   SenderThread:19700 [sender.py:send_request():402] send_request: defer
2023-05-24 01:58:21,736 INFO    SenderThread:19700 [sender.py:send_request_defer():622] handle sender defer: 14
2023-05-24 01:58:21,737 DEBUG   HandlerThread:19700 [handler.py:handle_request():144] handle_request: poll_exit
2023-05-24 01:58:21,737 DEBUG   HandlerThread:19700 [handler.py:handle_request():144] handle_request: server_info
2023-05-24 01:58:21,737 DEBUG   HandlerThread:19700 [handler.py:handle_request():144] handle_request: get_summary
2023-05-24 01:58:21,737 DEBUG   SenderThread:19700 [sender.py:send_request():402] send_request: poll_exit
2023-05-24 01:58:21,737 DEBUG   HandlerThread:19700 [handler.py:handle_request():144] handle_request: sampled_history
2023-05-24 01:58:21,737 DEBUG   SenderThread:19700 [sender.py:send_request():402] send_request: server_info
2023-05-24 01:58:22,007 INFO    MainThread:19700 [wandb_run.py:_footer_history_summary_info():3476] rendering history
2023-05-24 01:58:22,007 INFO    MainThread:19700 [wandb_run.py:_footer_history_summary_info():3508] rendering summary
2023-05-24 01:58:22,007 INFO    MainThread:19700 [wandb_run.py:_footer_sync_info():3434] logging synced files
2023-05-24 01:58:22,007 DEBUG   HandlerThread:19700 [handler.py:handle_request():144] handle_request: shutdown
2023-05-24 01:58:22,007 INFO    HandlerThread:19700 [handler.py:finish():845] shutting down handler
2023-05-24 01:58:22,741 INFO    WriterThread:19700 [datastore.py:close():298] close: d:\FRA361 ROBOTICS STUDIO IV  OPEN TOPICS\code\Vehicle-Detection-main\wandb\run-20230524_015727-mcr0vfix\run-mcr0vfix.wandb
2023-05-24 01:58:23,022 INFO    SenderThread:19700 [sender.py:finish():1550] shutting down sender
2023-05-24 01:58:23,022 INFO    SenderThread:19700 [file_pusher.py:finish():168] shutting down file pusher
2023-05-24 01:58:23,022 INFO    SenderThread:19700 [file_pusher.py:join():173] waiting for file pusher
